c:\users\admin\desktop\c_cpp\01_cdemo\consoleapplication1\debug\vc141.pdb
c:\users\admin\desktop\c_cpp\01_cdemo\consoleapplication1\debug\vc141.idb
c:\users\admin\desktop\c_cpp\01_cdemo\consoleapplication1\debug\01_memorybasic.obj
c:\users\admin\desktop\c_cpp\01_cdemo\consoleapplication1\debug\02_静态储存区理解.obj
c:\users\admin\desktop\c_cpp\01_cdemo\consoleapplication1\debug\03_堆栈理解.obj
c:\users\admin\desktop\c_cpp\01_cdemo\consoleapplication1\debug\04_堆栈的属性测试.obj
c:\users\admin\desktop\c_cpp\01_cdemo\consoleapplication1\debug\05_指针铁律.obj
c:\users\admin\desktop\c_cpp\01_cdemo\consoleapplication1\debug\06_野指针.obj
c:\users\admin\desktop\c_cpp\01_cdemo\consoleapplication1\debug\07_指针的间接赋值.obj
c:\users\admin\desktop\c_cpp\01_cdemo\consoleapplication1\debug\08_指针的输入输出.obj
c:\users\admin\desktop\c_cpp\01_cdemo\consoleapplication1\debug\10_一级指针内存模型的建立.obj
c:\users\admin\desktop\c_cpp\01_cdemo\consoleapplication1\debug\11_字符串_做函数参数.obj
c:\users\admin\desktop\c_cpp\01_cdemo\consoleapplication1\debug\12_项目开发字符串模型.obj
c:\users\admin\desktop\c_cpp\01_cdemo\consoleapplication1\debug\14_两头堵.obj
c:\users\admin\desktop\c_cpp\01_cdemo\consoleapplication1\debug\15_指针反转.obj
c:\users\admin\desktop\c_cpp\01_cdemo\consoleapplication1\debug\16_const类型.obj
c:\users\admin\desktop\c_cpp\01_cdemo\consoleapplication1\debug\17_指针的输入和输出特性.obj
c:\users\admin\desktop\c_cpp\01_cdemo\consoleapplication1\debug\18_二级指针做输入_内存模型1.obj
c:\users\admin\desktop\c_cpp\01_cdemo\consoleapplication1\debug\19_二级指针做输入_内存模型2.obj
c:\users\admin\desktop\c_cpp\01_cdemo\consoleapplication1\debug\09_c的字符串.obj
c:\users\admin\desktop\c_cpp\01_cdemo\consoleapplication1\debug\20_二级指针做输入_内存模型3.obj
c:\users\admin\desktop\c_cpp\01_cdemo\consoleapplication1\debug\21_二级指针内存模型_summary.obj
c:\users\admin\desktop\c_cpp\01_cdemo\consoleapplication1\debug\22_多级指针.obj
c:\users\admin\desktop\c_cpp\01_cdemo\consoleapplication1\debug\13_exam.obj
c:\users\admin\desktop\c_cpp\01_cdemo\consoleapplication1\debug\23_exam2.obj
c:\users\admin\desktop\c_cpp\01_cdemo\consoleapplication1\debug\24_array.obj
c:\users\admin\desktop\c_cpp\01_cdemo\consoleapplication1\debug\25_struct.obj
c:\users\admin\desktop\c_cpp\01_cdemo\consoleapplication1\debug\25_strcut_nested_point.obj
c:\users\admin\desktop\c_cpp\01_cdemo\consoleapplication1\debug\26_exam03.obj
c:\users\admin\desktop\c_cpp\01_cdemo\consoleapplication1\debug\test.obj
c:\users\admin\desktop\c_cpp\01_cdemo\consoleapplication1\debug\27_struct_偏移量.obj
c:\users\admin\desktop\c_cpp\01_cdemo\consoleapplication1\debug\25_struct_偏移量.obj
c:\users\admin\desktop\c_cpp\01_cdemo\consoleapplication1\debug\27_filerwbybyte.obj
c:\users\admin\desktop\c_cpp\01_cdemo\debug\consoleapplication1.ilk
c:\users\admin\desktop\c_cpp\01_cdemo\debug\consoleapplication1.exe
c:\users\admin\desktop\c_cpp\01_cdemo\debug\consoleapplication1.pdb
c:\users\admin\desktop\c_cpp\01_cdemo\consoleapplication1\debug\18_二级指针做输入1.obj
c:\users\admin\desktop\c_cpp\01_cdemo\consoleapplication1\debug\consolea.0833b202.tlog\cl.command.1.tlog
c:\users\admin\desktop\c_cpp\01_cdemo\consoleapplication1\debug\consolea.0833b202.tlog\cl.read.1.tlog
c:\users\admin\desktop\c_cpp\01_cdemo\consoleapplication1\debug\consolea.0833b202.tlog\cl.write.1.tlog
c:\users\admin\desktop\c_cpp\01_cdemo\consoleapplication1\debug\consolea.0833b202.tlog\link.command.1.tlog
c:\users\admin\desktop\c_cpp\01_cdemo\consoleapplication1\debug\consolea.0833b202.tlog\link.read.1.tlog
c:\users\admin\desktop\c_cpp\01_cdemo\consoleapplication1\debug\consolea.0833b202.tlog\link.write.1.tlog
